\BOOKMARK [1][-]{section.1}{\376\377\000N\000L\000P\230\204\213\255\176\303\142\200\147\057\166\204\123\321\134\125\116\016\000G\000P\000T\166\204\172\201\170\064}{}% 1
\BOOKMARK [2][-]{subsection.1.1}{\376\377\116\316\213\315\124\021\221\317\122\060\116\012\116\013\145\207\136\372\152\041\377\032\230\204\213\255\176\303\166\204\123\321\134\125\201\011\176\334}{section.1}% 2
\BOOKMARK [2][-]{subsection.1.2}{\376\377\000G\000P\000T\166\204\143\320\121\372\116\016\122\033\145\260}{section.1}% 3
\BOOKMARK [2][-]{subsection.1.3}{\376\377\000G\000P\000T\127\050\0002\0000\0001\0008\136\164\166\204\142\200\147\057\172\201\170\064\160\271}{section.1}% 4
\BOOKMARK [1][-]{section.2}{\376\377\152\041\127\213\147\266\147\204}{}% 5
\BOOKMARK [2][-]{subsection.2.1}{\376\377\230\204\213\255\176\303\213\355\145\231\000\040\000B\000o\000o\000k\000s\000C\000o\000r\000p\000u\000s\000\040\166\204\220\011\142\351\116\016\117\030\122\277}{section.2}% 6
\BOOKMARK [2][-]{subsection.2.2}{\376\377\117\115\177\156\177\026\170\001}{section.2}% 7
\BOOKMARK [2][-]{subsection.2.3}{\376\377\157\300\155\073\121\375\145\160\116\016\137\122\116\000\123\026\173\126\165\145}{section.2}% 8
\BOOKMARK [2][-]{subsection.2.4}{\376\377\153\213\135\356\217\336\143\245\166\204\117\134\165\050}{section.2}% 9
\BOOKMARK [2][-]{subsection.2.5}{\376\377\131\032\134\102\000\040\000T\000r\000a\000n\000s\000f\000o\000r\000m\000e\000r\000\040\000D\000e\000c\000o\000d\000e\000r\000\040\166\204\176\323\147\204\173\200\147\220}{section.2}% 10
\BOOKMARK [2][-]{subsection.2.6}{\376\377\131\032\131\064\154\350\141\017\122\233\123\302\145\160}{section.2}% 11
\BOOKMARK [2][-]{subsection.2.7}{\376\377\152\041\127\213\123\302\145\160\140\073\221\317\116\016\213\241\173\227\131\015\147\102\136\246}{section.2}% 12
\BOOKMARK [2][-]{subsection.2.8}{\376\377\134\017\176\323}{section.2}% 13
\BOOKMARK [1][-]{section.3}{\376\377\213\255\176\303\173\126\165\145\116\016\116\373\122\241\176\337\116\000\150\074\137\017\213\276\213\241}{}% 14
\BOOKMARK [2][-]{subsection.3.1}{\376\377\213\355\212\000\136\372\152\041\166\356\150\007\121\375\145\160\173\200\147\220}{section.3}% 15
\BOOKMARK [2][-]{subsection.3.2}{\376\377\116\373\122\241\176\337\116\000\377\032\000T\000o\000k\000e\000n\155\101\211\306\211\322\166\204\136\372\152\041\173\126\165\145}{section.3}% 16
\BOOKMARK [2][-]{subsection.3.3}{\376\377\000G\000P\000T\000\040\133\146\116\140\163\207\230\204\160\355\146\362\176\277}{section.3}% 17
\BOOKMARK [1][-]{section.4}{\376\377\133\236\232\214\176\323\147\234\116\016\122\006\147\220}{}% 18
\BOOKMARK [2][-]{subsection.4.1}{\376\377\201\352\161\066\213\355\212\000\143\250\164\006}{section.4}% 19
\BOOKMARK [2][-]{subsection.4.2}{\376\377\225\356\173\124\116\016\136\070\213\306\143\250\164\006}{section.4}% 20
\BOOKMARK [2][-]{subsection.4.3}{\376\377\213\355\116\111\166\370\117\074\136\246\116\016\122\006\174\173\116\373\122\241}{section.4}% 21
\BOOKMARK [2][-]{subsection.4.4}{\376\377\176\374\124\010\000G\000L\000U\000E\137\227\122\006\122\006\147\220}{section.4}% 22
\BOOKMARK [1][-]{section.5}{\376\377\145\271\154\325\134\100\226\120\116\016\164\006\213\272\145\071\217\333}{}% 23
\BOOKMARK [2][-]{subsection.5.1}{\376\377\163\260\147\011\145\271\154\325\166\204\116\015\215\263}{section.5}% 24
\BOOKMARK [2][-]{subsection.5.2}{\376\377\176\323\147\204\140\047\145\071\217\333\377\010\000A\000r\000c\000h\000i\000t\000e\000c\000t\000u\000r\000e\000-\000L\000e\000v\000e\000l\000\040\000I\000m\000p\000r\000o\000v\000e\000m\000e\000n\000t\000s\377\011}{section.5}% 25
\BOOKMARK [3][-]{subsubsection.5.2.1}{\376\377\123\314\124\021\136\372\152\041\377\010\000B\000i\000d\000i\000r\000e\000c\000t\000i\000o\000n\000a\000l\000\040\000M\000o\000d\000e\000l\000i\000n\000g\377\011}{subsection.5.2}% 26
\BOOKMARK [3][-]{subsubsection.5.2.2}{\376\377\172\000\165\217\154\350\141\017\122\233\377\010\000S\000p\000a\000r\000s\000e\000\040\000A\000t\000t\000e\000n\000t\000i\000o\000n\377\011}{subsection.5.2}% 27
\BOOKMARK [2][-]{subsection.5.3}{\376\377\230\204\213\255\176\303\166\356\150\007\116\016\133\146\116\140\145\271\154\325\145\071\217\333}{section.5}% 28
\BOOKMARK [3][-]{subsubsection.5.3.1}{\376\377\176\337\116\000\230\204\213\255\176\303\166\356\150\007\377\010\000U\000n\000i\000f\000i\000e\000d\000\040\000O\000b\000j\000e\000c\000t\000i\000v\000e\000s\377\011}{subsection.5.3}% 29
\BOOKMARK [2][-]{subsection.5.4}{\376\377\117\030\123\026\116\016\213\255\176\303\145\110\163\207\143\320\123\107\377\010\000E\000f\000f\000i\000c\000i\000e\000n\000c\000y\000-\000O\000r\000i\000e\000n\000t\000e\000d\000\040\000E\000n\000h\000a\000n\000c\000e\000m\000e\000n\000t\000s\377\011}{section.5}% 30
\BOOKMARK [3][-]{subsubsection.5.4.1}{\376\377\117\030\123\026\126\150\116\016\214\003\136\246\173\126\165\145}{subsection.5.4}% 31
\BOOKMARK [3][-]{subsubsection.5.4.2}{\376\377\123\302\145\160\123\213\177\051\116\016\117\116\171\351\136\372\152\041}{subsection.5.4}% 32
\BOOKMARK [1][-]{section.6}{\376\377\000G\000P\000T\000-\0001\000\040\166\204\137\161\124\315\116\016\124\016\176\355\157\024\217\333}{}% 33
\BOOKMARK [2][-]{subsection.6.1}{\376\377\000G\000P\000T\000-\0002\377\032\142\151\131\047\152\041\127\213\211\304\152\041\377\014\143\250\217\333\176\257\165\037\142\020\145\271\124\021}{section.6}% 34
\BOOKMARK [2][-]{subsection.6.2}{\376\377\000G\000P\000T\000-\0003\377\032\000f\000e\000w\000-\000s\000h\000o\000t\000\040\200\375\122\233\166\204\147\201\226\120\142\151\134\125}{section.6}% 35
\BOOKMARK [2][-]{subsection.6.3}{\376\377\000I\000n\000s\000t\000r\000u\000c\000t\000G\000P\000T\000\040\116\016\000\040\000C\000h\000a\000t\000G\000P\000T\377\032\133\371\237\120\117\030\123\026\116\016\000\040\000R\000L\000H\000F\000\040\166\204\137\025\121\145}{section.6}% 36
\BOOKMARK [1][-]{section*.15}{\376\377\000A\000p\000p\000e\000n\000d\000i\000c\000e\000s}{}% 37
\BOOKMARK [1][-]{appendix.1.A}{\376\377\226\104\137\125\000\040\000T\000r\000a\000n\000s\000f\000o\000r\000m\000e\000r\000\040\000D\000e\000c\000o\000d\000e\000r\000\040\166\204\145\160\133\146\143\250\133\374}{}% 38
\BOOKMARK [2][-]{subsection.1.A.1}{\376\377\217\223\121\145\135\114\121\145\377\010\000E\000m\000b\000e\000d\000d\000i\000n\000g\000\040\000+\000\040\000P\000o\000s\000i\000t\000i\000o\000n\000\040\000E\000n\000c\000o\000d\000i\000n\000g\377\011}{appendix.1.A}% 39
\BOOKMARK [2][-]{subsection.1.A.2}{\376\377\000T\000r\000a\000n\000s\000f\000o\000r\000m\000e\000r\000\040\000B\000l\000o\000c\000k\377\010\173\054\000\040\000l\000\040\134\102\377\011}{appendix.1.A}% 40
\BOOKMARK [2][-]{subsection.1.A.3}{\376\377\217\223\121\372\230\204\155\113}{appendix.1.A}% 41
\BOOKMARK [1][-]{appendix.1.B}{\376\377\226\104\137\125\000\040\147\000\131\047\117\074\161\066\117\060\213\241\166\204\145\066\145\133\140\047\116\016\117\030\123\026\140\047\122\006\147\220}{}% 42
\BOOKMARK [2][-]{subsection.1.B.1}{\376\377\147\000\131\047\117\074\161\066\117\060\213\241\166\204\145\066\145\133\140\047\377\010\000C\000o\000n\000s\000i\000s\000t\000e\000n\000c\000y\000\040\000o\000f\000\040\000M\000L\000E\377\011}{appendix.1.B}% 43
\BOOKMARK [2][-]{subsection.1.B.2}{\376\377\213\255\176\303\217\307\172\013\166\204\117\030\123\026\145\066\145\133\140\047}{appendix.1.B}% 44
